<?xml version="1.0" encoding="UTF-8"?><testrun name="SumaListasDigitosTest" project="lib" tests="6" started="6" failures="0" errors="6" ignored="0">
  <testsuite name="suma.listas.digitos.SumaListasDigitosTest" time="0.002" displayname="SumaListasDigitosTest" uniqueid="[engine:junit-jupiter]/[class:suma.listas.digitos.SumaListasDigitosTest]">
    <testcase name="testAcarreo" classname="suma.listas.digitos.SumaListasDigitosTest" time="0.001" displayname="testAcarreo()" uniqueid="[engine:junit-jupiter]/[class:suma.listas.digitos.SumaListasDigitosTest]/[method:testAcarreo()]">
      <error>java.lang.Error: Unresolved compilation problem: 
	Syntax error on token "}", delete this token

	at suma.listas.digitos.SumaListasDigitosTest.&lt;init&gt;(SumaListasDigitosTest.java:95)
	at java.base/java.lang.reflect.Constructor.newInstanceWithCaller(Constructor.java:502)
	at java.base/java.lang.reflect.Constructor.newInstance(Constructor.java:486)
	at java.base/java.util.Optional.orElseGet(Optional.java:364)
	at java.base/java.util.ArrayList.forEach(ArrayList.java:1596)
	at java.base/java.util.ArrayList.forEach(ArrayList.java:1596)

</error>
    </testcase>
    <testcase name="testLongitud" classname="suma.listas.digitos.SumaListasDigitosTest" time="0.0" displayname="testLongitud()" uniqueid="[engine:junit-jupiter]/[class:suma.listas.digitos.SumaListasDigitosTest]/[method:testLongitud()]">
      <error>java.lang.Error: Unresolved compilation problem: 
	Syntax error on token "}", delete this token

	at suma.listas.digitos.SumaListasDigitosTest.&lt;init&gt;(SumaListasDigitosTest.java:95)
	at java.base/java.lang.reflect.Constructor.newInstanceWithCaller(Constructor.java:502)
	at java.base/java.lang.reflect.Constructor.newInstance(Constructor.java:486)
	at java.base/java.util.Optional.orElseGet(Optional.java:364)
	at java.base/java.util.ArrayList.forEach(ArrayList.java:1596)
	at java.base/java.util.ArrayList.forEach(ArrayList.java:1596)

</error>
    </testcase>
    <testcase name="testSumaVariasListas" classname="suma.listas.digitos.SumaListasDigitosTest" time="0.0" displayname="testSumaVariasListas()" uniqueid="[engine:junit-jupiter]/[class:suma.listas.digitos.SumaListasDigitosTest]/[method:testSumaVariasListas()]">
      <error>java.lang.Error: Unresolved compilation problem: 
	Syntax error on token "}", delete this token

	at suma.listas.digitos.SumaListasDigitosTest.&lt;init&gt;(SumaListasDigitosTest.java:95)
	at java.base/java.lang.reflect.Constructor.newInstanceWithCaller(Constructor.java:502)
	at java.base/java.lang.reflect.Constructor.newInstance(Constructor.java:486)
	at java.base/java.util.Optional.orElseGet(Optional.java:364)
	at java.base/java.util.ArrayList.forEach(ArrayList.java:1596)
	at java.base/java.util.ArrayList.forEach(ArrayList.java:1596)

</error>
    </testcase>
    <testcase name="testCasosInvalidos" classname="suma.listas.digitos.SumaListasDigitosTest" time="0.001" displayname="testCasosInvalidos()" uniqueid="[engine:junit-jupiter]/[class:suma.listas.digitos.SumaListasDigitosTest]/[method:testCasosInvalidos()]">
      <error>java.lang.Error: Unresolved compilation problem: 
	Syntax error on token "}", delete this token

	at suma.listas.digitos.SumaListasDigitosTest.&lt;init&gt;(SumaListasDigitosTest.java:95)
	at java.base/java.lang.reflect.Constructor.newInstanceWithCaller(Constructor.java:502)
	at java.base/java.lang.reflect.Constructor.newInstance(Constructor.java:486)
	at java.base/java.util.Optional.orElseGet(Optional.java:364)
	at java.base/java.util.ArrayList.forEach(ArrayList.java:1596)
	at java.base/java.util.ArrayList.forEach(ArrayList.java:1596)

</error>
    </testcase>
    <testcase name="testCerosIniciales" classname="suma.listas.digitos.SumaListasDigitosTest" time="0.0" displayname="testCerosIniciales()" uniqueid="[engine:junit-jupiter]/[class:suma.listas.digitos.SumaListasDigitosTest]/[method:testCerosIniciales()]">
      <error>java.lang.Error: Unresolved compilation problem: 
	Syntax error on token "}", delete this token

	at suma.listas.digitos.SumaListasDigitosTest.&lt;init&gt;(SumaListasDigitosTest.java:95)
	at java.base/java.lang.reflect.Constructor.newInstanceWithCaller(Constructor.java:502)
	at java.base/java.lang.reflect.Constructor.newInstance(Constructor.java:486)
	at java.base/java.util.Optional.orElseGet(Optional.java:364)
	at java.base/java.util.ArrayList.forEach(ArrayList.java:1596)
	at java.base/java.util.ArrayList.forEach(ArrayList.java:1596)

</error>
    </testcase>
    <testcase name="testBasico" classname="suma.listas.digitos.SumaListasDigitosTest" time="0.0" displayname="testBasico()" uniqueid="[engine:junit-jupiter]/[class:suma.listas.digitos.SumaListasDigitosTest]/[method:testBasico()]">
      <error>java.lang.Error: Unresolved compilation problem: 
	Syntax error on token "}", delete this token

	at suma.listas.digitos.SumaListasDigitosTest.&lt;init&gt;(SumaListasDigitosTest.java:95)
	at java.base/java.lang.reflect.Constructor.newInstanceWithCaller(Constructor.java:502)
	at java.base/java.lang.reflect.Constructor.newInstance(Constructor.java:486)
	at java.base/java.util.Optional.orElseGet(Optional.java:364)
	at java.base/java.util.ArrayList.forEach(ArrayList.java:1596)
	at java.base/java.util.ArrayList.forEach(ArrayList.java:1596)

</error>
    </testcase>
  </testsuite>
</testrun>
